# JRE version: Java(TM) SE Runtime Environment (8.0_241-b07) (build 1.8.0_241-b07)
# Java VM: Java HotSpot(TM) 64-Bit Server VM (25.241-b07 mixed mode windows-amd64 compressed oops)
Heap:
 PSYoungGen      total 204800K, used 35278K [0x0000000781400000, 0x000000078e500000, 0x00000007c0000000)
  eden space 196608K, 17% used [0x0000000781400000,0x0000000783673970,0x000000078d400000)
  from space 8192K, 0% used [0x000000078dd00000,0x000000078dd00000,0x000000078e500000)
  to   space 8704K, 0% used [0x000000078d400000,0x000000078d400000,0x000000078dc80000)
 ParOldGen       total 62976K, used 5685K [0x0000000703c00000, 0x0000000707980000, 0x0000000781400000)
  object space 62976K, 9% used [0x0000000703c00000,0x000000070418d660,0x0000000707980000)
 Metaspace       used 22852K, capacity 23636K, committed 23676K, reserved 1069056K
  class space    used 2964K, capacity 3179K, committed 3196K, reserved 1048576K
GC Heap History (10 events):
Event: 1.288 GC heap before
{Heap before GC invocations=3 (full 0):
 PSYoungGen      total 56832K, used 54315K [0x0000000781400000, 0x0000000785300000, 0x00000007c0000000)
  eden space 49152K, 100% used [0x0000000781400000,0x0000000784400000,0x0000000784400000)
  from space 7680K, 67% used [0x0000000784b80000,0x000000078508afa0,0x0000000785300000)
  to   space 7680K, 0% used [0x0000000784400000,0x0000000784400000,0x0000000784b80000)
 ParOldGen       total 130048K, used 24K [0x0000000703c00000, 0x000000070bb00000, 0x0000000781400000)
  object space 130048K, 0% used [0x0000000703c00000,0x0000000703c06000,0x000000070bb00000)
 Metaspace       used 15664K, capacity 16340K, committed 16640K, reserved 1062912K
  class space    used 2015K, capacity 2202K, committed 2304K, reserved 1048576K
Event: 1.295 GC heap after
Heap after GC invocations=3 (full 0):
 PSYoungGen      total 56832K, used 7088K [0x0000000781400000, 0x0000000788300000, 0x00000007c0000000)
  eden space 49152K, 0% used [0x0000000781400000,0x0000000781400000,0x0000000784400000)
  from space 7680K, 92% used [0x0000000784400000,0x0000000784aec340,0x0000000784b80000)
  to   space 7680K, 0% used [0x0000000787b80000,0x0000000787b80000,0x0000000788300000)
 ParOldGen       total 130048K, used 32K [0x0000000703c00000, 0x000000070bb00000, 0x0000000781400000)
  object space 130048K, 0% used [0x0000000703c00000,0x0000000703c08000,0x000000070bb00000)
 Metaspace       used 15664K, capacity 16340K, committed 16640K, reserved 1062912K
  class space    used 2015K, capacity 2202K, committed 2304K, reserved 1048576K
}
Event: 1.577 GC heap before
{Heap before GC invocations=4 (full 0):
 PSYoungGen      total 56832K, used 56240K [0x0000000781400000, 0x0000000788300000, 0x00000007c0000000)
  eden space 49152K, 100% used [0x0000000781400000,0x0000000784400000,0x0000000784400000)
  from space 7680K, 92% used [0x0000000784400000,0x0000000784aec340,0x0000000784b80000)
  to   space 7680K, 0% used [0x0000000787b80000,0x0000000787b80000,0x0000000788300000)
 ParOldGen       total 130048K, used 32K [0x0000000703c00000, 0x000000070bb00000, 0x0000000781400000)
  object space 130048K, 0% used [0x0000000703c00000,0x0000000703c08000,0x000000070bb00000)
 Metaspace       used 19068K, capacity 19792K, committed 20096K, reserved 1067008K
  class space    used 2505K, capacity 2674K, committed 2688K, reserved 1048576K
Event: 1.582 GC heap after
Heap after GC invocations=4 (full 0):
 PSYoungGen      total 105984K, used 7671K [0x0000000781400000, 0x0000000788300000, 0x00000007c0000000)
  eden space 98304K, 0% used [0x0000000781400000,0x0000000781400000,0x0000000787400000)
  from space 7680K, 99% used [0x0000000787b80000,0x00000007882fdce8,0x0000000788300000)
  to   space 7680K, 0% used [0x0000000787400000,0x0000000787400000,0x0000000787b80000)
 ParOldGen       total 130048K, used 255K [0x0000000703c00000, 0x000000070bb00000, 0x0000000781400000)
  object space 130048K, 0% used [0x0000000703c00000,0x0000000703c3fc28,0x000000070bb00000)
 Metaspace       used 19068K, capacity 19792K, committed 20096K, reserved 1067008K
  class space    used 2505K, capacity 2674K, committed 2688K, reserved 1048576K
}
Event: 1.651 GC heap before
{Heap before GC invocations=5 (full 0):
 PSYoungGen      total 105984K, used 52952K [0x0000000781400000, 0x0000000788300000, 0x00000007c0000000)
  eden space 98304K, 46% used [0x0000000781400000,0x0000000784038540,0x0000000787400000)
  from space 7680K, 99% used [0x0000000787b80000,0x00000007882fdce8,0x0000000788300000)
  to   space 7680K, 0% used [0x0000000787400000,0x0000000787400000,0x0000000787b80000)
 ParOldGen       total 130048K, used 255K [0x0000000703c00000, 0x000000070bb00000, 0x0000000781400000)
  object space 130048K, 0% used [0x0000000703c00000,0x0000000703c3fc28,0x000000070bb00000)
 Metaspace       used 20481K, capacity 21200K, committed 21504K, reserved 1069056K
  class space    used 2630K, capacity 2802K, committed 2816K, reserved 1048576K
Event: 1.661 GC heap after
Heap after GC invocations=5 (full 0):
 PSYoungGen      total 105984K, used 6725K [0x0000000781400000, 0x000000078e600000, 0x00000007c0000000)
  eden space 98304K, 0% used [0x0000000781400000,0x0000000781400000,0x0000000787400000)
  from space 7680K, 87% used [0x0000000787400000,0x0000000787a917d0,0x0000000787b80000)
  to   space 9216K, 0% used [0x000000078dd00000,0x000000078dd00000,0x000000078e600000)
 ParOldGen       total 130048K, used 263K [0x0000000703c00000, 0x000000070bb00000, 0x0000000781400000)
  object space 130048K, 0% used [0x0000000703c00000,0x0000000703c41c28,0x000000070bb00000)
 Metaspace       used 20481K, capacity 21200K, committed 21504K, reserved 1069056K
  class space    used 2630K, capacity 2802K, committed 2816K, reserved 1048576K
}
Event: 1.680 GC heap before
{Heap before GC invocations=6 (full 0):
 PSYoungGen      total 105984K, used 10728K [0x0000000781400000, 0x000000078e600000, 0x00000007c0000000)
  eden space 98304K, 4% used [0x0000000781400000,0x00000007817e8a10,0x0000000787400000)
  from space 7680K, 87% used [0x0000000787400000,0x0000000787a917d0,0x0000000787b80000)
  to   space 9216K, 0% used [0x000000078dd00000,0x000000078dd00000,0x000000078e600000)
 ParOldGen       total 130048K, used 263K [0x0000000703c00000, 0x000000070bb00000, 0x0000000781400000)
  object space 130048K, 0% used [0x0000000703c00000,0x0000000703c41c28,0x000000070bb00000)
 Metaspace       used 20758K, capacity 21424K, committed 21628K, reserved 1069056K
  class space    used 2652K, capacity 2834K, committed 2940K, reserved 1048576K
Event: 1.686 GC heap after
Heap after GC invocations=6 (full 0):
 PSYoungGen      total 204800K, used 5831K [0x0000000781400000, 0x000000078e500000, 0x00000007c0000000)
  eden space 196608K, 0% used [0x0000000781400000,0x0000000781400000,0x000000078d400000)
  from space 8192K, 71% used [0x000000078dd00000,0x000000078e2b1eb8,0x000000078e500000)
  to   space 8704K, 0% used [0x000000078d400000,0x000000078d400000,0x000000078dc80000)
 ParOldGen       total 130048K, used 263K [0x0000000703c00000, 0x000000070bb00000, 0x0000000781400000)
  object space 130048K, 0% used [0x0000000703c00000,0x0000000703c41c28,0x000000070bb00000)
 Metaspace       used 20758K, capacity 21424K, committed 21628K, reserved 1069056K
  class space    used 2652K, capacity 2834K, committed 2940K, reserved 1048576K
}
Event: 1.686 GC heap before
{Heap before GC invocations=7 (full 1):
 PSYoungGen      total 204800K, used 5831K [0x0000000781400000, 0x000000078e500000, 0x00000007c0000000)
  eden space 196608K, 0% used [0x0000000781400000,0x0000000781400000,0x000000078d400000)
  from space 8192K, 71% used [0x000000078dd00000,0x000000078e2b1eb8,0x000000078e500000)
  to   space 8704K, 0% used [0x000000078d400000,0x000000078d400000,0x000000078dc80000)
 ParOldGen       total 130048K, used 263K [0x0000000703c00000, 0x000000070bb00000, 0x0000000781400000)
  object space 130048K, 0% used [0x0000000703c00000,0x0000000703c41c28,0x000000070bb00000)
 Metaspace       used 20758K, capacity 21424K, committed 21628K, reserved 1069056K
  class space    used 2652K, capacity 2834K, committed 2940K, reserved 1048576K
Event: 1.714 GC heap after
Heap after GC invocations=7 (full 1):
 PSYoungGen      total 204800K, used 0K [0x0000000781400000, 0x000000078e500000, 0x00000007c0000000)
  eden space 196608K, 0% used [0x0000000781400000,0x0000000781400000,0x000000078d400000)
  from space 8192K, 0% used [0x000000078dd00000,0x000000078dd00000,0x000000078e500000)
  to   space 8704K, 0% used [0x000000078d400000,0x000000078d400000,0x000000078dc80000)
 ParOldGen       total 62976K, used 5685K [0x0000000703c00000, 0x0000000707980000, 0x0000000781400000)
  object space 62976K, 9% used [0x0000000703c00000,0x000000070418d660,0x0000000707980000)
 Metaspace       used 20758K, capacity 21424K, committed 21628K, reserved 1069056K
  class space    used 2652K, capacity 2834K, committed 2940K, reserved 1048576K
}

